SF:lib/src/bgoogle_books_client.dart
DA:15,1
DA:23,1
DA:26,2
DA:27,1
DA:30,2
DA:31,1
DA:34,4
DA:36,1
DA:38,2
LF:9
LH:9
end_of_record
SF:lib/src/models/google_book.dart
DA:13,2
DA:33,1
DA:34,2
DA:36,1
DA:38,2
DA:39,2
DA:40,1
DA:41,3
DA:43,1
DA:44,3
DA:46,2
DA:48,3
DA:49,2
DA:50,1
DA:51,1
DA:52,3
DA:54,2
DA:55,2
DA:56,2
DA:57,3
DA:58,1
DA:59,1
DA:60,1
DA:61,1
DA:62,1
DA:63,3
DA:64,1
DA:65,1
DA:66,1
DA:67,1
DA:68,1
DA:113,1
DA:114,1
DA:115,1
DA:116,1
DA:117,1
DA:118,1
DA:119,1
DA:120,1
DA:121,1
DA:122,1
DA:123,1
DA:124,1
DA:125,1
DA:126,1
DA:127,1
LF:46
LH:46
end_of_record
